CRITICAL - 2025-07-21 08:15:32 --> ErrorException: include(C:\laragon\www\dummytest\vendor\composer/../../app/Controllers/Home.php): Failed to open stream: No such file or directory
[Method: GET, Route: /]
in FCPATH\vendor\composer\ClassLoader.php on line 576.
 1 FCPATH\vendor\composer\ClassLoader.php(576): CodeIgniter\Debug\Exceptions->errorHandler(2, 'include(C:\\laragon\\www\\dummytest\\vendor\\composer/../../app/Controllers/Home.php): Failed to open stream: No such file or directory', 'C:\\laragon\\www\\dummytest\\vendor\\composer\\ClassLoader.php', 576)
 2 FCPATH\vendor\composer\ClassLoader.php(576): include()
 3 FCPATH\vendor\composer\ClassLoader.php(427): Composer\Autoload\{closure}('C:\\laragon\\www\\dummytest\\vendor\\composer/../../app/Controllers/Home.php')
 4 [internal function]: Composer\Autoload\ClassLoader->loadClass('App\\Controllers\\Home')
 5 SYSTEMPATH\CodeIgniter.php(885): class_exists('\\App\\Controllers\\Home', true)
 6 SYSTEMPATH\CodeIgniter.php(494): CodeIgniter\CodeIgniter->startController()
 7 SYSTEMPATH\CodeIgniter.php(354): CodeIgniter\CodeIgniter->handleRequest(null, Object(Config\Cache), false)
 8 SYSTEMPATH\Boot.php(334): CodeIgniter\CodeIgniter->run()
 9 SYSTEMPATH\Boot.php(67): CodeIgniter\Boot::runCodeIgniter(Object(CodeIgniter\CodeIgniter))
10 FCPATH\index.php(59): CodeIgniter\Boot::bootWeb(Object(Config\Paths))
CRITICAL - 2025-07-21 08:15:49 --> ErrorException: include(C:\laragon\www\dummytest\vendor\composer/../../app/Controllers/Home.php): Failed to open stream: No such file or directory
[Method: GET, Route: /]
in FCPATH\vendor\composer\ClassLoader.php on line 576.
 1 FCPATH\vendor\composer\ClassLoader.php(576): CodeIgniter\Debug\Exceptions->errorHandler(2, 'include(C:\\laragon\\www\\dummytest\\vendor\\composer/../../app/Controllers/Home.php): Failed to open stream: No such file or directory', 'C:\\laragon\\www\\dummytest\\vendor\\composer\\ClassLoader.php', 576)
 2 FCPATH\vendor\composer\ClassLoader.php(576): include()
 3 FCPATH\vendor\composer\ClassLoader.php(427): Composer\Autoload\{closure}('C:\\laragon\\www\\dummytest\\vendor\\composer/../../app/Controllers/Home.php')
 4 [internal function]: Composer\Autoload\ClassLoader->loadClass('App\\Controllers\\Home')
 5 SYSTEMPATH\CodeIgniter.php(885): class_exists('\\App\\Controllers\\Home', true)
 6 SYSTEMPATH\CodeIgniter.php(494): CodeIgniter\CodeIgniter->startController()
 7 SYSTEMPATH\CodeIgniter.php(354): CodeIgniter\CodeIgniter->handleRequest(null, Object(Config\Cache), false)
 8 SYSTEMPATH\Boot.php(334): CodeIgniter\CodeIgniter->run()
 9 SYSTEMPATH\Boot.php(67): CodeIgniter\Boot::runCodeIgniter(Object(CodeIgniter\CodeIgniter))
10 FCPATH\index.php(59): CodeIgniter\Boot::bootWeb(Object(Config\Paths))
CRITICAL - 2025-07-21 08:15:51 --> ErrorException: mkdir(): File exists
[Method: GET, Route: /]
in SYSTEMPATH\Debug\Toolbar.php on line 403.
 1 [internal function]: CodeIgniter\Debug\Exceptions->errorHandler(2, 'mkdir(): File exists', 'C:\\laragon\\www\\dummytest\\vendor\\codeigniter4\\framework\\system\\Debug\\Toolbar.php', 403)
 2 SYSTEMPATH\Debug\Toolbar.php(403): mkdir('C:\\laragon\\www\\dummytest\\writable\\debugbar', 511)
 3 SYSTEMPATH\Filters\DebugToolbar.php(44): CodeIgniter\Debug\Toolbar->prepare(Object(CodeIgniter\HTTP\IncomingRequest), Object(CodeIgniter\HTTP\Response))
 4 SYSTEMPATH\Filters\Filters.php(278): CodeIgniter\Filters\DebugToolbar->after(Object(CodeIgniter\HTTP\IncomingRequest), Object(CodeIgniter\HTTP\Response), null)
 5 SYSTEMPATH\Filters\Filters.php(364): CodeIgniter\Filters\Filters->runAfter([...])
 6 SYSTEMPATH\CodeIgniter.php(407): CodeIgniter\Filters\Filters->runRequired('after')
 7 SYSTEMPATH\CodeIgniter.php(368): CodeIgniter\CodeIgniter->runRequiredAfterFilters(Object(CodeIgniter\Filters\Filters))
 8 SYSTEMPATH\Boot.php(334): CodeIgniter\CodeIgniter->run()
 9 SYSTEMPATH\Boot.php(67): CodeIgniter\Boot::runCodeIgniter(Object(CodeIgniter\CodeIgniter))
10 FCPATH\index.php(59): CodeIgniter\Boot::bootWeb(Object(Config\Paths))
CRITICAL - 2025-07-21 08:19:42 --> CodeIgniter\View\Exceptions\ViewException: Invalid file: "partials/nabar.php"
[Method: GET, Route: /]
in SYSTEMPATH\Exceptions\FrameworkException.php on line 39.
 1 SYSTEMPATH\View\View.php(212): CodeIgniter\Exceptions\FrameworkException::forInvalidFile('partials/nabar.php')
 2 SYSTEMPATH\Common.php(1173): CodeIgniter\View\View->render('partials/nabar', [], true)
 3 APPPATH\Views\index.php(17): view('partials/nabar')
 4 SYSTEMPATH\View\View.php(224): include('C:\\laragon\\www\\dummytest\\app\\Views\\index.php')
 5 SYSTEMPATH\View\View.php(227): CodeIgniter\View\View->CodeIgniter\View\{closure}()
 6 SYSTEMPATH\View\View.php(240): CodeIgniter\View\View->render('index', [], true)
 7 SYSTEMPATH\Common.php(1173): CodeIgniter\View\View->render('dashboard', [], true)
 8 APPPATH\Controllers\AppController.php(11): view('dashboard', [...])
 9 SYSTEMPATH\CodeIgniter.php(933): App\Controllers\AppController->index()
10 SYSTEMPATH\CodeIgniter.php(507): CodeIgniter\CodeIgniter->runController(Object(App\Controllers\AppController))
11 SYSTEMPATH\CodeIgniter.php(354): CodeIgniter\CodeIgniter->handleRequest(null, Object(Config\Cache), false)
12 SYSTEMPATH\Boot.php(334): CodeIgniter\CodeIgniter->run()
13 SYSTEMPATH\Boot.php(67): CodeIgniter\Boot::runCodeIgniter(Object(CodeIgniter\CodeIgniter))
14 FCPATH\index.php(59): CodeIgniter\Boot::bootWeb(Object(Config\Paths))
CRITICAL - 2025-07-21 08:19:43 --> CodeIgniter\View\Exceptions\ViewException: Invalid file: "partials/nabar.php"
[Method: GET, Route: /]
in SYSTEMPATH\Exceptions\FrameworkException.php on line 39.
 1 SYSTEMPATH\View\View.php(212): CodeIgniter\Exceptions\FrameworkException::forInvalidFile('partials/nabar.php')
 2 SYSTEMPATH\Common.php(1173): CodeIgniter\View\View->render('partials/nabar', [], true)
 3 APPPATH\Views\index.php(17): view('partials/nabar')
 4 SYSTEMPATH\View\View.php(224): include('C:\\laragon\\www\\dummytest\\app\\Views\\index.php')
 5 SYSTEMPATH\View\View.php(227): CodeIgniter\View\View->CodeIgniter\View\{closure}()
 6 SYSTEMPATH\View\View.php(240): CodeIgniter\View\View->render('index', [], true)
 7 SYSTEMPATH\Common.php(1173): CodeIgniter\View\View->render('dashboard', [], true)
 8 APPPATH\Controllers\AppController.php(11): view('dashboard', [...])
 9 SYSTEMPATH\CodeIgniter.php(933): App\Controllers\AppController->index()
10 SYSTEMPATH\CodeIgniter.php(507): CodeIgniter\CodeIgniter->runController(Object(App\Controllers\AppController))
11 SYSTEMPATH\CodeIgniter.php(354): CodeIgniter\CodeIgniter->handleRequest(null, Object(Config\Cache), false)
12 SYSTEMPATH\Boot.php(334): CodeIgniter\CodeIgniter->run()
13 SYSTEMPATH\Boot.php(67): CodeIgniter\Boot::runCodeIgniter(Object(CodeIgniter\CodeIgniter))
14 FCPATH\index.php(59): CodeIgniter\Boot::bootWeb(Object(Config\Paths))
CRITICAL - 2025-07-21 08:19:54 --> CodeIgniter\HTTP\Exceptions\BadRequestException: The URI you submitted has disallowed characters: "iziToast,min.css"
[Method: GET, Route: assets/css/vendor/iziToast,min.css]
in SYSTEMPATH\Router\Router.php on line 741.
 1 SYSTEMPATH\Router\Router.php(207): CodeIgniter\Router\Router->checkDisallowedChars('assets/css/vendor/iziToast,min.css')
 2 SYSTEMPATH\CodeIgniter.php(832): CodeIgniter\Router\Router->handle('assets/css/vendor/iziToast,min.css')
 3 SYSTEMPATH\CodeIgniter.php(455): CodeIgniter\CodeIgniter->tryToRouteIt(Object(CodeIgniter\Router\RouteCollection))
 4 SYSTEMPATH\CodeIgniter.php(354): CodeIgniter\CodeIgniter->handleRequest(null, Object(Config\Cache), false)
 5 SYSTEMPATH\Boot.php(334): CodeIgniter\CodeIgniter->run()
 6 SYSTEMPATH\Boot.php(67): CodeIgniter\Boot::runCodeIgniter(Object(CodeIgniter\CodeIgniter))
 7 FCPATH\index.php(59): CodeIgniter\Boot::bootWeb(Object(Config\Paths))
CRITICAL - 2025-07-21 08:19:56 --> CodeIgniter\HTTP\Exceptions\BadRequestException: The URI you submitted has disallowed characters: "iziToast,min.css"
[Method: GET, Route: assets/css/vendor/iziToast,min.css]
in SYSTEMPATH\Router\Router.php on line 741.
 1 SYSTEMPATH\Router\Router.php(207): CodeIgniter\Router\Router->checkDisallowedChars('assets/css/vendor/iziToast,min.css')
 2 SYSTEMPATH\CodeIgniter.php(832): CodeIgniter\Router\Router->handle('assets/css/vendor/iziToast,min.css')
 3 SYSTEMPATH\CodeIgniter.php(455): CodeIgniter\CodeIgniter->tryToRouteIt(Object(CodeIgniter\Router\RouteCollection))
 4 SYSTEMPATH\CodeIgniter.php(354): CodeIgniter\CodeIgniter->handleRequest(null, Object(Config\Cache), false)
 5 SYSTEMPATH\Boot.php(334): CodeIgniter\CodeIgniter->run()
 6 SYSTEMPATH\Boot.php(67): CodeIgniter\Boot::runCodeIgniter(Object(CodeIgniter\CodeIgniter))
 7 FCPATH\index.php(59): CodeIgniter\Boot::bootWeb(Object(Config\Paths))
CRITICAL - 2025-07-21 08:19:56 --> CodeIgniter\HTTP\Exceptions\BadRequestException: The URI you submitted has disallowed characters: "iziToast,min.css"
[Method: GET, Route: assets/css/vendor/iziToast,min.css]
in SYSTEMPATH\Router\Router.php on line 741.
 1 SYSTEMPATH\Router\Router.php(207): CodeIgniter\Router\Router->checkDisallowedChars('assets/css/vendor/iziToast,min.css')
 2 SYSTEMPATH\CodeIgniter.php(832): CodeIgniter\Router\Router->handle('assets/css/vendor/iziToast,min.css')
 3 SYSTEMPATH\CodeIgniter.php(455): CodeIgniter\CodeIgniter->tryToRouteIt(Object(CodeIgniter\Router\RouteCollection))
 4 SYSTEMPATH\CodeIgniter.php(354): CodeIgniter\CodeIgniter->handleRequest(null, Object(Config\Cache), false)
 5 SYSTEMPATH\Boot.php(334): CodeIgniter\CodeIgniter->run()
 6 SYSTEMPATH\Boot.php(67): CodeIgniter\Boot::runCodeIgniter(Object(CodeIgniter\CodeIgniter))
 7 FCPATH\index.php(59): CodeIgniter\Boot::bootWeb(Object(Config\Paths))
CRITICAL - 2025-07-21 08:19:57 --> CodeIgniter\HTTP\Exceptions\BadRequestException: The URI you submitted has disallowed characters: "iziToast,min.css"
[Method: GET, Route: assets/css/vendor/iziToast,min.css]
in SYSTEMPATH\Router\Router.php on line 741.
 1 SYSTEMPATH\Router\Router.php(207): CodeIgniter\Router\Router->checkDisallowedChars('assets/css/vendor/iziToast,min.css')
 2 SYSTEMPATH\CodeIgniter.php(832): CodeIgniter\Router\Router->handle('assets/css/vendor/iziToast,min.css')
 3 SYSTEMPATH\CodeIgniter.php(455): CodeIgniter\CodeIgniter->tryToRouteIt(Object(CodeIgniter\Router\RouteCollection))
 4 SYSTEMPATH\CodeIgniter.php(354): CodeIgniter\CodeIgniter->handleRequest(null, Object(Config\Cache), false)
 5 SYSTEMPATH\Boot.php(334): CodeIgniter\CodeIgniter->run()
 6 SYSTEMPATH\Boot.php(67): CodeIgniter\Boot::runCodeIgniter(Object(CodeIgniter\CodeIgniter))
 7 FCPATH\index.php(59): CodeIgniter\Boot::bootWeb(Object(Config\Paths))
CRITICAL - 2025-07-21 08:19:57 --> CodeIgniter\HTTP\Exceptions\BadRequestException: The URI you submitted has disallowed characters: "iziToast,min.css"
[Method: GET, Route: assets/css/vendor/iziToast,min.css]
in SYSTEMPATH\Router\Router.php on line 741.
 1 SYSTEMPATH\Router\Router.php(207): CodeIgniter\Router\Router->checkDisallowedChars('assets/css/vendor/iziToast,min.css')
 2 SYSTEMPATH\CodeIgniter.php(832): CodeIgniter\Router\Router->handle('assets/css/vendor/iziToast,min.css')
 3 SYSTEMPATH\CodeIgniter.php(455): CodeIgniter\CodeIgniter->tryToRouteIt(Object(CodeIgniter\Router\RouteCollection))
 4 SYSTEMPATH\CodeIgniter.php(354): CodeIgniter\CodeIgniter->handleRequest(null, Object(Config\Cache), false)
 5 SYSTEMPATH\Boot.php(334): CodeIgniter\CodeIgniter->run()
 6 SYSTEMPATH\Boot.php(67): CodeIgniter\Boot::runCodeIgniter(Object(CodeIgniter\CodeIgniter))
 7 FCPATH\index.php(59): CodeIgniter\Boot::bootWeb(Object(Config\Paths))
CRITICAL - 2025-07-21 08:19:57 --> CodeIgniter\HTTP\Exceptions\BadRequestException: The URI you submitted has disallowed characters: "iziToast,min.css"
[Method: GET, Route: assets/css/vendor/iziToast,min.css]
in SYSTEMPATH\Router\Router.php on line 741.
 1 SYSTEMPATH\Router\Router.php(207): CodeIgniter\Router\Router->checkDisallowedChars('assets/css/vendor/iziToast,min.css')
 2 SYSTEMPATH\CodeIgniter.php(832): CodeIgniter\Router\Router->handle('assets/css/vendor/iziToast,min.css')
 3 SYSTEMPATH\CodeIgniter.php(455): CodeIgniter\CodeIgniter->tryToRouteIt(Object(CodeIgniter\Router\RouteCollection))
 4 SYSTEMPATH\CodeIgniter.php(354): CodeIgniter\CodeIgniter->handleRequest(null, Object(Config\Cache), false)
 5 SYSTEMPATH\Boot.php(334): CodeIgniter\CodeIgniter->run()
 6 SYSTEMPATH\Boot.php(67): CodeIgniter\Boot::runCodeIgniter(Object(CodeIgniter\CodeIgniter))
 7 FCPATH\index.php(59): CodeIgniter\Boot::bootWeb(Object(Config\Paths))
CRITICAL - 2025-07-21 08:20:22 --> CodeIgniter\HTTP\Exceptions\BadRequestException: The URI you submitted has disallowed characters: "iziToast,min.css"
[Method: GET, Route: assets/css/vendor/iziToast,min.css]
in SYSTEMPATH\Router\Router.php on line 741.
 1 SYSTEMPATH\Router\Router.php(207): CodeIgniter\Router\Router->checkDisallowedChars('assets/css/vendor/iziToast,min.css')
 2 SYSTEMPATH\CodeIgniter.php(832): CodeIgniter\Router\Router->handle('assets/css/vendor/iziToast,min.css')
 3 SYSTEMPATH\CodeIgniter.php(455): CodeIgniter\CodeIgniter->tryToRouteIt(Object(CodeIgniter\Router\RouteCollection))
 4 SYSTEMPATH\CodeIgniter.php(354): CodeIgniter\CodeIgniter->handleRequest(null, Object(Config\Cache), false)
 5 SYSTEMPATH\Boot.php(334): CodeIgniter\CodeIgniter->run()
 6 SYSTEMPATH\Boot.php(67): CodeIgniter\Boot::runCodeIgniter(Object(CodeIgniter\CodeIgniter))
 7 FCPATH\index.php(59): CodeIgniter\Boot::bootWeb(Object(Config\Paths))
CRITICAL - 2025-07-21 08:20:23 --> CodeIgniter\HTTP\Exceptions\BadRequestException: The URI you submitted has disallowed characters: "iziToast,min.css"
[Method: GET, Route: assets/css/vendor/iziToast,min.css]
in SYSTEMPATH\Router\Router.php on line 741.
 1 SYSTEMPATH\Router\Router.php(207): CodeIgniter\Router\Router->checkDisallowedChars('assets/css/vendor/iziToast,min.css')
 2 SYSTEMPATH\CodeIgniter.php(832): CodeIgniter\Router\Router->handle('assets/css/vendor/iziToast,min.css')
 3 SYSTEMPATH\CodeIgniter.php(455): CodeIgniter\CodeIgniter->tryToRouteIt(Object(CodeIgniter\Router\RouteCollection))
 4 SYSTEMPATH\CodeIgniter.php(354): CodeIgniter\CodeIgniter->handleRequest(null, Object(Config\Cache), false)
 5 SYSTEMPATH\Boot.php(334): CodeIgniter\CodeIgniter->run()
 6 SYSTEMPATH\Boot.php(67): CodeIgniter\Boot::runCodeIgniter(Object(CodeIgniter\CodeIgniter))
 7 FCPATH\index.php(59): CodeIgniter\Boot::bootWeb(Object(Config\Paths))
CRITICAL - 2025-07-21 08:20:24 --> CodeIgniter\HTTP\Exceptions\BadRequestException: The URI you submitted has disallowed characters: "iziToast,min.css"
[Method: GET, Route: assets/css/vendor/iziToast,min.css]
in SYSTEMPATH\Router\Router.php on line 741.
 1 SYSTEMPATH\Router\Router.php(207): CodeIgniter\Router\Router->checkDisallowedChars('assets/css/vendor/iziToast,min.css')
 2 SYSTEMPATH\CodeIgniter.php(832): CodeIgniter\Router\Router->handle('assets/css/vendor/iziToast,min.css')
 3 SYSTEMPATH\CodeIgniter.php(455): CodeIgniter\CodeIgniter->tryToRouteIt(Object(CodeIgniter\Router\RouteCollection))
 4 SYSTEMPATH\CodeIgniter.php(354): CodeIgniter\CodeIgniter->handleRequest(null, Object(Config\Cache), false)
 5 SYSTEMPATH\Boot.php(334): CodeIgniter\CodeIgniter->run()
 6 SYSTEMPATH\Boot.php(67): CodeIgniter\Boot::runCodeIgniter(Object(CodeIgniter\CodeIgniter))
 7 FCPATH\index.php(59): CodeIgniter\Boot::bootWeb(Object(Config\Paths))
CRITICAL - 2025-07-21 08:20:37 --> CodeIgniter\HTTP\Exceptions\BadRequestException: The URI you submitted has disallowed characters: "iziToast,min.css"
[Method: GET, Route: assets/css/vendor/iziToast,min.css]
in SYSTEMPATH\Router\Router.php on line 741.
 1 SYSTEMPATH\Router\Router.php(207): CodeIgniter\Router\Router->checkDisallowedChars('assets/css/vendor/iziToast,min.css')
 2 SYSTEMPATH\CodeIgniter.php(832): CodeIgniter\Router\Router->handle('assets/css/vendor/iziToast,min.css')
 3 SYSTEMPATH\CodeIgniter.php(455): CodeIgniter\CodeIgniter->tryToRouteIt(Object(CodeIgniter\Router\RouteCollection))
 4 SYSTEMPATH\CodeIgniter.php(354): CodeIgniter\CodeIgniter->handleRequest(null, Object(Config\Cache), false)
 5 SYSTEMPATH\Boot.php(334): CodeIgniter\CodeIgniter->run()
 6 SYSTEMPATH\Boot.php(67): CodeIgniter\Boot::runCodeIgniter(Object(CodeIgniter\CodeIgniter))
 7 FCPATH\index.php(59): CodeIgniter\Boot::bootWeb(Object(Config\Paths))
CRITICAL - 2025-07-21 08:20:38 --> CodeIgniter\HTTP\Exceptions\BadRequestException: The URI you submitted has disallowed characters: "iziToast,min.css"
[Method: GET, Route: assets/css/vendor/iziToast,min.css]
in SYSTEMPATH\Router\Router.php on line 741.
 1 SYSTEMPATH\Router\Router.php(207): CodeIgniter\Router\Router->checkDisallowedChars('assets/css/vendor/iziToast,min.css')
 2 SYSTEMPATH\CodeIgniter.php(832): CodeIgniter\Router\Router->handle('assets/css/vendor/iziToast,min.css')
 3 SYSTEMPATH\CodeIgniter.php(455): CodeIgniter\CodeIgniter->tryToRouteIt(Object(CodeIgniter\Router\RouteCollection))
 4 SYSTEMPATH\CodeIgniter.php(354): CodeIgniter\CodeIgniter->handleRequest(null, Object(Config\Cache), false)
 5 SYSTEMPATH\Boot.php(334): CodeIgniter\CodeIgniter->run()
 6 SYSTEMPATH\Boot.php(67): CodeIgniter\Boot::runCodeIgniter(Object(CodeIgniter\CodeIgniter))
 7 FCPATH\index.php(59): CodeIgniter\Boot::bootWeb(Object(Config\Paths))
CRITICAL - 2025-07-21 08:20:38 --> CodeIgniter\HTTP\Exceptions\BadRequestException: The URI you submitted has disallowed characters: "iziToast,min.css"
[Method: GET, Route: assets/css/vendor/iziToast,min.css]
in SYSTEMPATH\Router\Router.php on line 741.
 1 SYSTEMPATH\Router\Router.php(207): CodeIgniter\Router\Router->checkDisallowedChars('assets/css/vendor/iziToast,min.css')
 2 SYSTEMPATH\CodeIgniter.php(832): CodeIgniter\Router\Router->handle('assets/css/vendor/iziToast,min.css')
 3 SYSTEMPATH\CodeIgniter.php(455): CodeIgniter\CodeIgniter->tryToRouteIt(Object(CodeIgniter\Router\RouteCollection))
 4 SYSTEMPATH\CodeIgniter.php(354): CodeIgniter\CodeIgniter->handleRequest(null, Object(Config\Cache), false)
 5 SYSTEMPATH\Boot.php(334): CodeIgniter\CodeIgniter->run()
 6 SYSTEMPATH\Boot.php(67): CodeIgniter\Boot::runCodeIgniter(Object(CodeIgniter\CodeIgniter))
 7 FCPATH\index.php(59): CodeIgniter\Boot::bootWeb(Object(Config\Paths))
CRITICAL - 2025-07-21 08:20:39 --> CodeIgniter\HTTP\Exceptions\BadRequestException: The URI you submitted has disallowed characters: "iziToast,min.css"
[Method: GET, Route: assets/css/vendor/iziToast,min.css]
in SYSTEMPATH\Router\Router.php on line 741.
 1 SYSTEMPATH\Router\Router.php(207): CodeIgniter\Router\Router->checkDisallowedChars('assets/css/vendor/iziToast,min.css')
 2 SYSTEMPATH\CodeIgniter.php(832): CodeIgniter\Router\Router->handle('assets/css/vendor/iziToast,min.css')
 3 SYSTEMPATH\CodeIgniter.php(455): CodeIgniter\CodeIgniter->tryToRouteIt(Object(CodeIgniter\Router\RouteCollection))
 4 SYSTEMPATH\CodeIgniter.php(354): CodeIgniter\CodeIgniter->handleRequest(null, Object(Config\Cache), false)
 5 SYSTEMPATH\Boot.php(334): CodeIgniter\CodeIgniter->run()
 6 SYSTEMPATH\Boot.php(67): CodeIgniter\Boot::runCodeIgniter(Object(CodeIgniter\CodeIgniter))
 7 FCPATH\index.php(59): CodeIgniter\Boot::bootWeb(Object(Config\Paths))
CRITICAL - 2025-07-21 08:20:39 --> CodeIgniter\HTTP\Exceptions\BadRequestException: The URI you submitted has disallowed characters: "iziToast,min.css"
[Method: GET, Route: assets/css/vendor/iziToast,min.css]
in SYSTEMPATH\Router\Router.php on line 741.
 1 SYSTEMPATH\Router\Router.php(207): CodeIgniter\Router\Router->checkDisallowedChars('assets/css/vendor/iziToast,min.css')
 2 SYSTEMPATH\CodeIgniter.php(832): CodeIgniter\Router\Router->handle('assets/css/vendor/iziToast,min.css')
 3 SYSTEMPATH\CodeIgniter.php(455): CodeIgniter\CodeIgniter->tryToRouteIt(Object(CodeIgniter\Router\RouteCollection))
 4 SYSTEMPATH\CodeIgniter.php(354): CodeIgniter\CodeIgniter->handleRequest(null, Object(Config\Cache), false)
 5 SYSTEMPATH\Boot.php(334): CodeIgniter\CodeIgniter->run()
 6 SYSTEMPATH\Boot.php(67): CodeIgniter\Boot::runCodeIgniter(Object(CodeIgniter\CodeIgniter))
 7 FCPATH\index.php(59): CodeIgniter\Boot::bootWeb(Object(Config\Paths))
CRITICAL - 2025-07-21 08:20:39 --> CodeIgniter\HTTP\Exceptions\BadRequestException: The URI you submitted has disallowed characters: "iziToast,min.css"
[Method: GET, Route: assets/css/vendor/iziToast,min.css]
in SYSTEMPATH\Router\Router.php on line 741.
 1 SYSTEMPATH\Router\Router.php(207): CodeIgniter\Router\Router->checkDisallowedChars('assets/css/vendor/iziToast,min.css')
 2 SYSTEMPATH\CodeIgniter.php(832): CodeIgniter\Router\Router->handle('assets/css/vendor/iziToast,min.css')
 3 SYSTEMPATH\CodeIgniter.php(455): CodeIgniter\CodeIgniter->tryToRouteIt(Object(CodeIgniter\Router\RouteCollection))
 4 SYSTEMPATH\CodeIgniter.php(354): CodeIgniter\CodeIgniter->handleRequest(null, Object(Config\Cache), false)
 5 SYSTEMPATH\Boot.php(334): CodeIgniter\CodeIgniter->run()
 6 SYSTEMPATH\Boot.php(67): CodeIgniter\Boot::runCodeIgniter(Object(CodeIgniter\CodeIgniter))
 7 FCPATH\index.php(59): CodeIgniter\Boot::bootWeb(Object(Config\Paths))
CRITICAL - 2025-07-21 08:20:44 --> CodeIgniter\HTTP\Exceptions\BadRequestException: The URI you submitted has disallowed characters: "iziToast,min.css"
[Method: GET, Route: assets/css/vendor/iziToast,min.css]
in SYSTEMPATH\Router\Router.php on line 741.
 1 SYSTEMPATH\Router\Router.php(207): CodeIgniter\Router\Router->checkDisallowedChars('assets/css/vendor/iziToast,min.css')
 2 SYSTEMPATH\CodeIgniter.php(832): CodeIgniter\Router\Router->handle('assets/css/vendor/iziToast,min.css')
 3 SYSTEMPATH\CodeIgniter.php(455): CodeIgniter\CodeIgniter->tryToRouteIt(Object(CodeIgniter\Router\RouteCollection))
 4 SYSTEMPATH\CodeIgniter.php(354): CodeIgniter\CodeIgniter->handleRequest(null, Object(Config\Cache), false)
 5 SYSTEMPATH\Boot.php(334): CodeIgniter\CodeIgniter->run()
 6 SYSTEMPATH\Boot.php(67): CodeIgniter\Boot::runCodeIgniter(Object(CodeIgniter\CodeIgniter))
 7 FCPATH\index.php(59): CodeIgniter\Boot::bootWeb(Object(Config\Paths))
CRITICAL - 2025-07-21 08:20:49 --> CodeIgniter\HTTP\Exceptions\BadRequestException: The URI you submitted has disallowed characters: "iziToast,min.css"
[Method: GET, Route: assets/css/vendor/iziToast,min.css]
in SYSTEMPATH\Router\Router.php on line 741.
 1 SYSTEMPATH\Router\Router.php(207): CodeIgniter\Router\Router->checkDisallowedChars('assets/css/vendor/iziToast,min.css')
 2 SYSTEMPATH\CodeIgniter.php(832): CodeIgniter\Router\Router->handle('assets/css/vendor/iziToast,min.css')
 3 SYSTEMPATH\CodeIgniter.php(455): CodeIgniter\CodeIgniter->tryToRouteIt(Object(CodeIgniter\Router\RouteCollection))
 4 SYSTEMPATH\CodeIgniter.php(354): CodeIgniter\CodeIgniter->handleRequest(null, Object(Config\Cache), false)
 5 SYSTEMPATH\Boot.php(334): CodeIgniter\CodeIgniter->run()
 6 SYSTEMPATH\Boot.php(67): CodeIgniter\Boot::runCodeIgniter(Object(CodeIgniter\CodeIgniter))
 7 FCPATH\index.php(59): CodeIgniter\Boot::bootWeb(Object(Config\Paths))
CRITICAL - 2025-07-21 08:20:51 --> CodeIgniter\HTTP\Exceptions\BadRequestException: The URI you submitted has disallowed characters: "iziToast,min.css"
[Method: GET, Route: assets/css/vendor/iziToast,min.css]
in SYSTEMPATH\Router\Router.php on line 741.
 1 SYSTEMPATH\Router\Router.php(207): CodeIgniter\Router\Router->checkDisallowedChars('assets/css/vendor/iziToast,min.css')
 2 SYSTEMPATH\CodeIgniter.php(832): CodeIgniter\Router\Router->handle('assets/css/vendor/iziToast,min.css')
 3 SYSTEMPATH\CodeIgniter.php(455): CodeIgniter\CodeIgniter->tryToRouteIt(Object(CodeIgniter\Router\RouteCollection))
 4 SYSTEMPATH\CodeIgniter.php(354): CodeIgniter\CodeIgniter->handleRequest(null, Object(Config\Cache), false)
 5 SYSTEMPATH\Boot.php(334): CodeIgniter\CodeIgniter->run()
 6 SYSTEMPATH\Boot.php(67): CodeIgniter\Boot::runCodeIgniter(Object(CodeIgniter\CodeIgniter))
 7 FCPATH\index.php(59): CodeIgniter\Boot::bootWeb(Object(Config\Paths))
CRITICAL - 2025-07-21 08:34:11 --> ErrorException: Undefined variable $saldo
[Method: GET, Route: /]
in APPPATH\Views\dashboard.php on line 10.
 1 APPPATH\Views\dashboard.php(10): CodeIgniter\Debug\Exceptions->errorHandler(2, 'Undefined variable $saldo', 'C:\\laragon\\www\\dummytest\\app\\Views\\dashboard.php', 10)
 2 SYSTEMPATH\View\View.php(224): include('C:\\laragon\\www\\dummytest\\app\\Views\\dashboard.php')
 3 SYSTEMPATH\View\View.php(227): CodeIgniter\View\View->CodeIgniter\View\{closure}()
 4 SYSTEMPATH\Common.php(1173): CodeIgniter\View\View->render('dashboard', [], true)
 5 APPPATH\Controllers\AppController.php(11): view('dashboard', [...])
 6 SYSTEMPATH\CodeIgniter.php(933): App\Controllers\AppController->index()
 7 SYSTEMPATH\CodeIgniter.php(507): CodeIgniter\CodeIgniter->runController(Object(App\Controllers\AppController))
 8 SYSTEMPATH\CodeIgniter.php(354): CodeIgniter\CodeIgniter->handleRequest(null, Object(Config\Cache), false)
 9 SYSTEMPATH\Boot.php(334): CodeIgniter\CodeIgniter->run()
10 SYSTEMPATH\Boot.php(67): CodeIgniter\Boot::runCodeIgniter(Object(CodeIgniter\CodeIgniter))
11 FCPATH\index.php(59): CodeIgniter\Boot::bootWeb(Object(Config\Paths))
CRITICAL - 2025-07-21 08:34:13 --> ErrorException: Undefined variable $saldo
[Method: GET, Route: /]
in APPPATH\Views\dashboard.php on line 10.
 1 APPPATH\Views\dashboard.php(10): CodeIgniter\Debug\Exceptions->errorHandler(2, 'Undefined variable $saldo', 'C:\\laragon\\www\\dummytest\\app\\Views\\dashboard.php', 10)
 2 SYSTEMPATH\View\View.php(224): include('C:\\laragon\\www\\dummytest\\app\\Views\\dashboard.php')
 3 SYSTEMPATH\View\View.php(227): CodeIgniter\View\View->CodeIgniter\View\{closure}()
 4 SYSTEMPATH\Common.php(1173): CodeIgniter\View\View->render('dashboard', [], true)
 5 APPPATH\Controllers\AppController.php(11): view('dashboard', [...])
 6 SYSTEMPATH\CodeIgniter.php(933): App\Controllers\AppController->index()
 7 SYSTEMPATH\CodeIgniter.php(507): CodeIgniter\CodeIgniter->runController(Object(App\Controllers\AppController))
 8 SYSTEMPATH\CodeIgniter.php(354): CodeIgniter\CodeIgniter->handleRequest(null, Object(Config\Cache), false)
 9 SYSTEMPATH\Boot.php(334): CodeIgniter\CodeIgniter->run()
10 SYSTEMPATH\Boot.php(67): CodeIgniter\Boot::runCodeIgniter(Object(CodeIgniter\CodeIgniter))
11 FCPATH\index.php(59): CodeIgniter\Boot::bootWeb(Object(Config\Paths))
CRITICAL - 2025-07-21 08:34:13 --> ErrorException: Undefined variable $saldo
[Method: GET, Route: /]
in APPPATH\Views\dashboard.php on line 10.
 1 APPPATH\Views\dashboard.php(10): CodeIgniter\Debug\Exceptions->errorHandler(2, 'Undefined variable $saldo', 'C:\\laragon\\www\\dummytest\\app\\Views\\dashboard.php', 10)
 2 SYSTEMPATH\View\View.php(224): include('C:\\laragon\\www\\dummytest\\app\\Views\\dashboard.php')
 3 SYSTEMPATH\View\View.php(227): CodeIgniter\View\View->CodeIgniter\View\{closure}()
 4 SYSTEMPATH\Common.php(1173): CodeIgniter\View\View->render('dashboard', [], true)
 5 APPPATH\Controllers\AppController.php(11): view('dashboard', [...])
 6 SYSTEMPATH\CodeIgniter.php(933): App\Controllers\AppController->index()
 7 SYSTEMPATH\CodeIgniter.php(507): CodeIgniter\CodeIgniter->runController(Object(App\Controllers\AppController))
 8 SYSTEMPATH\CodeIgniter.php(354): CodeIgniter\CodeIgniter->handleRequest(null, Object(Config\Cache), false)
 9 SYSTEMPATH\Boot.php(334): CodeIgniter\CodeIgniter->run()
10 SYSTEMPATH\Boot.php(67): CodeIgniter\Boot::runCodeIgniter(Object(CodeIgniter\CodeIgniter))
11 FCPATH\index.php(59): CodeIgniter\Boot::bootWeb(Object(Config\Paths))
CRITICAL - 2025-07-21 08:34:13 --> ErrorException: Undefined variable $saldo
[Method: GET, Route: /]
in APPPATH\Views\dashboard.php on line 10.
 1 APPPATH\Views\dashboard.php(10): CodeIgniter\Debug\Exceptions->errorHandler(2, 'Undefined variable $saldo', 'C:\\laragon\\www\\dummytest\\app\\Views\\dashboard.php', 10)
 2 SYSTEMPATH\View\View.php(224): include('C:\\laragon\\www\\dummytest\\app\\Views\\dashboard.php')
 3 SYSTEMPATH\View\View.php(227): CodeIgniter\View\View->CodeIgniter\View\{closure}()
 4 SYSTEMPATH\Common.php(1173): CodeIgniter\View\View->render('dashboard', [], true)
 5 APPPATH\Controllers\AppController.php(11): view('dashboard', [...])
 6 SYSTEMPATH\CodeIgniter.php(933): App\Controllers\AppController->index()
 7 SYSTEMPATH\CodeIgniter.php(507): CodeIgniter\CodeIgniter->runController(Object(App\Controllers\AppController))
 8 SYSTEMPATH\CodeIgniter.php(354): CodeIgniter\CodeIgniter->handleRequest(null, Object(Config\Cache), false)
 9 SYSTEMPATH\Boot.php(334): CodeIgniter\CodeIgniter->run()
10 SYSTEMPATH\Boot.php(67): CodeIgniter\Boot::runCodeIgniter(Object(CodeIgniter\CodeIgniter))
11 FCPATH\index.php(59): CodeIgniter\Boot::bootWeb(Object(Config\Paths))
CRITICAL - 2025-07-21 08:34:26 --> ParseError: syntax error, unexpected token ","
[Method: GET, Route: /]
in APPPATH\Views\dashboard.php on line 10.
 1 SYSTEMPATH\View\View.php(227): CodeIgniter\View\View->CodeIgniter\View\{closure}()
 2 SYSTEMPATH\Common.php(1173): CodeIgniter\View\View->render('dashboard', [], true)
 3 APPPATH\Controllers\AppController.php(11): view('dashboard', [...])
 4 SYSTEMPATH\CodeIgniter.php(933): App\Controllers\AppController->index()
 5 SYSTEMPATH\CodeIgniter.php(507): CodeIgniter\CodeIgniter->runController(Object(App\Controllers\AppController))
 6 SYSTEMPATH\CodeIgniter.php(354): CodeIgniter\CodeIgniter->handleRequest(null, Object(Config\Cache), false)
 7 SYSTEMPATH\Boot.php(334): CodeIgniter\CodeIgniter->run()
 8 SYSTEMPATH\Boot.php(67): CodeIgniter\Boot::runCodeIgniter(Object(CodeIgniter\CodeIgniter))
 9 FCPATH\index.php(59): CodeIgniter\Boot::bootWeb(Object(Config\Paths))
CRITICAL - 2025-07-21 08:34:28 --> ParseError: syntax error, unexpected token ","
[Method: GET, Route: /]
in APPPATH\Views\dashboard.php on line 10.
 1 SYSTEMPATH\View\View.php(227): CodeIgniter\View\View->CodeIgniter\View\{closure}()
 2 SYSTEMPATH\Common.php(1173): CodeIgniter\View\View->render('dashboard', [], true)
 3 APPPATH\Controllers\AppController.php(11): view('dashboard', [...])
 4 SYSTEMPATH\CodeIgniter.php(933): App\Controllers\AppController->index()
 5 SYSTEMPATH\CodeIgniter.php(507): CodeIgniter\CodeIgniter->runController(Object(App\Controllers\AppController))
 6 SYSTEMPATH\CodeIgniter.php(354): CodeIgniter\CodeIgniter->handleRequest(null, Object(Config\Cache), false)
 7 SYSTEMPATH\Boot.php(334): CodeIgniter\CodeIgniter->run()
 8 SYSTEMPATH\Boot.php(67): CodeIgniter\Boot::runCodeIgniter(Object(CodeIgniter\CodeIgniter))
 9 FCPATH\index.php(59): CodeIgniter\Boot::bootWeb(Object(Config\Paths))
CRITICAL - 2025-07-21 08:34:28 --> ParseError: syntax error, unexpected token ","
[Method: GET, Route: /]
in APPPATH\Views\dashboard.php on line 10.
 1 SYSTEMPATH\View\View.php(227): CodeIgniter\View\View->CodeIgniter\View\{closure}()
 2 SYSTEMPATH\Common.php(1173): CodeIgniter\View\View->render('dashboard', [], true)
 3 APPPATH\Controllers\AppController.php(11): view('dashboard', [...])
 4 SYSTEMPATH\CodeIgniter.php(933): App\Controllers\AppController->index()
 5 SYSTEMPATH\CodeIgniter.php(507): CodeIgniter\CodeIgniter->runController(Object(App\Controllers\AppController))
 6 SYSTEMPATH\CodeIgniter.php(354): CodeIgniter\CodeIgniter->handleRequest(null, Object(Config\Cache), false)
 7 SYSTEMPATH\Boot.php(334): CodeIgniter\CodeIgniter->run()
 8 SYSTEMPATH\Boot.php(67): CodeIgniter\Boot::runCodeIgniter(Object(CodeIgniter\CodeIgniter))
 9 FCPATH\index.php(59): CodeIgniter\Boot::bootWeb(Object(Config\Paths))
CRITICAL - 2025-07-21 09:11:52 --> ErrorException: unlink(C:\laragon\www\dummytest\writable\debugbar/debugbar_1753088990.971804.json): No such file or directory
[Method: GET, Route: /]
in SYSTEMPATH\Debug\Toolbar\Collectors\History.php on line 82.
 1 [internal function]: CodeIgniter\Debug\Exceptions->errorHandler(2, 'unlink(C:\\laragon\\www\\dummytest\\writable\\debugbar/debugbar_1753088990.971804.json): No such file or directory', 'C:\\laragon\\www\\dummytest\\vendor\\codeigniter4\\framework\\system\\Debug\\Toolbar\\Collectors\\History.php', 82)
 2 SYSTEMPATH\Debug\Toolbar\Collectors\History.php(82): unlink('C:\\laragon\\www\\dummytest\\writable\\debugbar/debugbar_1753088990.971804.json')
 3 SYSTEMPATH\Debug\Toolbar.php(519): CodeIgniter\Debug\Toolbar\Collectors\History->setFiles('1753089111.697845', 20)
 4 SYSTEMPATH\Debug\Toolbar.php(496): CodeIgniter\Debug\Toolbar->format([...], 'html')
 5 APPPATH\Config\Events.php(47): CodeIgniter\Debug\Toolbar->respond()
 6 SYSTEMPATH\Events\Events.php(155): CodeIgniter\Events\Events::Config\{closure}()
 7 SYSTEMPATH\CodeIgniter.php(339): CodeIgniter\Events\Events::trigger('pre_system')
 8 SYSTEMPATH\Boot.php(334): CodeIgniter\CodeIgniter->run()
 9 SYSTEMPATH\Boot.php(67): CodeIgniter\Boot::runCodeIgniter(Object(CodeIgniter\CodeIgniter))
10 FCPATH\index.php(59): CodeIgniter\Boot::bootWeb(Object(Config\Paths))
CRITICAL - 2025-07-21 09:37:41 --> CodeIgniter\View\Exceptions\ViewException: Invalid file: "skins/sidebar.php"
[Method: GET, Route: /]
in SYSTEMPATH\Exceptions\FrameworkException.php on line 39.
 1 SYSTEMPATH\View\View.php(212): CodeIgniter\Exceptions\FrameworkException::forInvalidFile('skins/sidebar.php')
 2 SYSTEMPATH\Common.php(1173): CodeIgniter\View\View->render('skins/sidebar', [], true)
 3 APPPATH\Views\index.php(20): view('skins/sidebar')
 4 SYSTEMPATH\View\View.php(224): include('C:\\laragon\\www\\dummytest\\app\\Views\\index.php')
 5 SYSTEMPATH\View\View.php(227): CodeIgniter\View\View->CodeIgniter\View\{closure}()
 6 SYSTEMPATH\View\View.php(240): CodeIgniter\View\View->render('index', [], true)
 7 SYSTEMPATH\Common.php(1173): CodeIgniter\View\View->render('dashboard', [], true)
 8 APPPATH\Controllers\AppController.php(11): view('dashboard', [...])
 9 SYSTEMPATH\CodeIgniter.php(933): App\Controllers\AppController->index()
10 SYSTEMPATH\CodeIgniter.php(507): CodeIgniter\CodeIgniter->runController(Object(App\Controllers\AppController))
11 SYSTEMPATH\CodeIgniter.php(354): CodeIgniter\CodeIgniter->handleRequest(null, Object(Config\Cache), false)
12 SYSTEMPATH\Boot.php(334): CodeIgniter\CodeIgniter->run()
13 SYSTEMPATH\Boot.php(67): CodeIgniter\Boot::runCodeIgniter(Object(CodeIgniter\CodeIgniter))
14 FCPATH\index.php(59): CodeIgniter\Boot::bootWeb(Object(Config\Paths))
